2026-04-07 09:11:22.257 +05 [13964] СООБЩЕНИЕ:  запускается PostgreSQL 18.3 on x86_64-windows, compiled by msvc-19.44.35223, 64-bit
2026-04-07 09:11:22.262 +05 [13964] СООБЩЕНИЕ:  для приёма подключений по адресу IPv6 "::1" открыт порт 5432
2026-04-07 09:11:22.263 +05 [13964] СООБЩЕНИЕ:  для приёма подключений по адресу IPv4 "127.0.0.1" открыт порт 5432
2026-04-07 09:11:22.391 +05 [12544] СООБЩЕНИЕ:  работа системы БД была прервана; последний момент работы: 2026-04-07 00:54:46 +05
2026-04-07 09:11:23.735 +05 [12544] СООБЩЕНИЕ:  система БД была остановлена нештатно; производится автоматическое восстановление
2026-04-07 09:11:23.738 +05 [12544] СООБЩЕНИЕ:  запись REDO начинается со смещения 0/2852460
2026-04-07 09:11:23.739 +05 [12544] СООБЩЕНИЕ:  неверная длина записи в позиции 0/28545E8: ожидалось минимум 24, получено 0
2026-04-07 09:11:23.739 +05 [12544] СООБЩЕНИЕ:  записи REDO обработаны до смещения 0/28545B0, нагрузка системы: CPU: пользов.: 0.00 с, система: 0.00 с, прошло: 0.00 с
2026-04-07 09:11:23.746 +05 [4284] СООБЩЕНИЕ:  начата контрольная точка: end-of-recovery immediate wait
2026-04-07 09:11:23.754 +05 [4284] СООБЩЕНИЕ:  контрольная точка завершена: записано буферов: 4 (0.0%), записано SLRU-буферов: 3; добавлено файлов WAL 0, удалено: 0, переработано: 0; запись=0.002 сек., синхр.=0.003 сек., всего=0.012 сек.; синхронизировано_файлов=6, самая_долгая_синхр.=0.001 сек., средняя=0.001 сек.; расстояние=8 КБ, ожидалось=8 КБ; lsn=0/28545E8, lsn redo=0/28545E8
2026-04-07 09:11:23.760 +05 [13964] СООБЩЕНИЕ:  система БД готова принимать подключения
2026-04-07 09:16:23.758 +05 [4284] СООБЩЕНИЕ:  начата контрольная точка: time
2026-04-07 09:16:29.456 +05 [4284] СООБЩЕНИЕ:  контрольная точка завершена: записано буферов: 52 (0.3%), записано SLRU-буферов: 1; добавлено файлов WAL 0, удалено: 0, переработано: 0; запись=5.670 сек., синхр.=0.022 сек., всего=5.699 сек.; синхронизировано_файлов=47, самая_долгая_синхр.=0.003 сек., средняя=0.001 сек.; расстояние=110 КБ, ожидалось=110 КБ; lsn=0/2870070, lsn redo=0/286FFC8
2026-04-07 09:31:23.480 +05 [4284] СООБЩЕНИЕ:  начата контрольная точка: time
2026-04-07 09:31:26.174 +05 [4284] СООБЩЕНИЕ:  контрольная точка завершена: записано буферов: 24 (0.1%), записано SLRU-буферов: 1; добавлено файлов WAL 0, удалено: 0, переработано: 0; запись=2.675 сек., синхр.=0.013 сек., всего=2.694 сек.; синхронизировано_файлов=21, самая_долгая_синхр.=0.003 сек., средняя=0.001 сек.; расстояние=63 КБ, ожидалось=105 КБ; lsn=0/2880028, lsn redo=0/287FF80
2026-04-07 10:13:32.744 +05 [4284] СООБЩЕНИЕ:  начата контрольная точка: time
2026-04-07 10:13:34.322 +05 [4284] СООБЩЕНИЕ:  контрольная точка завершена: записано буферов: 14 (0.1%), записано SLRU-буферов: 1; добавлено файлов WAL 0, удалено: 0, переработано: 0; запись=1.559 сек., синхр.=0.013 сек., всего=1.579 сек.; синхронизировано_файлов=14, самая_долгая_синхр.=0.003 сек., средняя=0.001 сек.; расстояние=40 КБ, ожидалось=99 КБ; lsn=0/288A220, lsn redo=0/288A190
2026-04-07 10:18:32.338 +05 [4284] СООБЩЕНИЕ:  начата контрольная точка: time
2026-04-07 10:18:35.028 +05 [4284] СООБЩЕНИЕ:  контрольная точка завершена: записано буферов: 24 (0.1%), записано SLRU-буферов: 1; добавлено файлов WAL 0, удалено: 0, переработано: 0; запись=2.667 сек., синхр.=0.017 сек., всего=2.691 сек.; синхронизировано_файлов=20, самая_долгая_синхр.=0.003 сек., средняя=0.001 сек.; расстояние=61 КБ, ожидалось=95 КБ; lsn=0/28999C0, lsn redo=0/2899968
2026-04-07 10:23:32.034 +05 [4284] СООБЩЕНИЕ:  начата контрольная точка: time
2026-04-07 10:23:33.042 +05 [4284] СООБЩЕНИЕ:  контрольная точка завершена: записано буферов: 9 (0.1%), записано SLRU-буферов: 1; добавлено файлов WAL 0, удалено: 0, переработано: 0; запись=0.989 сек., синхр.=0.012 сек., всего=1.009 сек.; синхронизировано_файлов=9, самая_долгая_синхр.=0.005 сек., средняя=0.002 сек.; расстояние=36 КБ, ожидалось=89 КБ; lsn=0/28A2CA8, lsn redo=0/28A2C50
2026-04-07 10:27:46.257 +05 [13964] СООБЩЕНИЕ:  клиентский обслуживающий процесс (PID 16028) был прерван исключением 0xC000013A
2026-04-07 10:27:46.257 +05 [13964] ПОДРОБНОСТИ:  Завершившийся процесс выполнял действие: UPDATE "public"."Session" SET "refreshTokenHash" = $1, "expiresAt" = $2 WHERE ("public"."Session"."id" = $3 AND 1=1) RETURNING "public"."Session"."id", "public"."Session"."userId", "public"."Session"."refreshTokenHash", "public"."Session"."expiresAt", "public"."Session"."userAgent", "public"."Session"."ipAddress", "public"."Session"."createdAt", "public"."Session"."revokedAt"
2026-04-07 10:27:46.257 +05 [13964] ПОДСКАЗКА:  Описание этого шестнадцатеричного значения ищите во включаемом C-файле "ntstatus.h"
2026-04-07 10:27:46.257 +05 [13964] СООБЩЕНИЕ:  завершение всех остальных активных серверных процессов
2026-04-07 10:27:46.291 +05 [13964] СООБЩЕНИЕ:  все серверные процессы завершены... переинициализация
2026-04-07 10:27:46.427 +05 [13940] СООБЩЕНИЕ:  работа системы БД была прервана; последний момент работы: 2026-04-07 10:23:33 +05
2026-04-07 10:27:46.986 +05 [13940] СООБЩЕНИЕ:  система БД была остановлена нештатно; производится автоматическое восстановление
2026-04-07 10:27:46.990 +05 [13940] СООБЩЕНИЕ:  запись REDO начинается со смещения 0/28A2C50
2026-04-07 10:27:46.991 +05 [13940] СООБЩЕНИЕ:  неверная длина записи в позиции 0/28AAAE8: ожидалось минимум 24, получено 0
2026-04-07 10:27:46.991 +05 [13940] СООБЩЕНИЕ:  записи REDO обработаны до смещения 0/28AAAC0, нагрузка системы: CPU: пользов.: 0.01 с, система: 0.00 с, прошло: 0.00 с
2026-04-07 10:27:46.999 +05 [13380] СООБЩЕНИЕ:  начата контрольная точка: end-of-recovery immediate wait
2026-04-07 10:27:47.016 +05 [13380] СООБЩЕНИЕ:  контрольная точка завершена: записано буферов: 11 (0.1%), записано SLRU-буферов: 3; добавлено файлов WAL 0, удалено: 0, переработано: 0; запись=0.002 сек., синхр.=0.010 сек., всего=0.022 сек.; синхронизировано_файлов=14, самая_долгая_синхр.=0.005 сек., средняя=0.001 сек.; расстояние=31 КБ, ожидалось=31 КБ; lsn=0/28AAAE8, lsn redo=0/28AAAE8
2026-04-07 10:27:47.025 +05 [13964] СООБЩЕНИЕ:  система БД готова принимать подключения
2026-04-07 10:27:48.459 +05 [13964] СООБЩЕНИЕ:  фоновый процесс "logical replication launcher" (PID 16336) был прерван исключением 0xC000013A
2026-04-07 10:27:48.459 +05 [13964] ПОДСКАЗКА:  Описание этого шестнадцатеричного значения ищите во включаемом C-файле "ntstatus.h"
2026-04-07 10:27:48.460 +05 [13964] СООБЩЕНИЕ:  завершение всех остальных активных серверных процессов
2026-04-07 10:27:48.468 +05 [13964] СООБЩЕНИЕ:  все серверные процессы завершены... переинициализация
2026-04-07 10:27:48.586 +05 [14240] СООБЩЕНИЕ:  работа системы БД была прервана; последний момент работы: 2026-04-07 10:27:47 +05
2026-04-07 10:27:49.043 +05 [14240] СООБЩЕНИЕ:  система БД была остановлена нештатно; производится автоматическое восстановление
2026-04-07 10:27:49.045 +05 [14240] СООБЩЕНИЕ:  неверная длина записи в позиции 0/28AAB60: ожидалось минимум 24, получено 0
2026-04-07 10:27:49.045 +05 [14240] СООБЩЕНИЕ:  данные REDO не требуются
2026-04-07 10:27:49.051 +05 [2788] СООБЩЕНИЕ:  начата контрольная точка: end-of-recovery immediate wait
2026-04-07 10:27:49.056 +05 [2788] СООБЩЕНИЕ:  контрольная точка завершена: записано буферов: 0 (0.0%), записано SLRU-буферов: 3; добавлено файлов WAL 0, удалено: 0, переработано: 0; запись=0.001 сек., синхр.=0.002 сек., всего=0.010 сек.; синхронизировано_файлов=2, самая_долгая_синхр.=0.001 сек., средняя=0.001 сек.; расстояние=0 КБ, ожидалось=0 КБ; lsn=0/28AAB60, lsn redo=0/28AAB60
2026-04-07 10:27:49.062 +05 [13964] СООБЩЕНИЕ:  система БД готова принимать подключения
2026-04-07 10:27:52.105 +05 [13964] СООБЩЕНИЕ:  фоновый процесс "logical replication launcher" (PID 15024) был прерван исключением 0xC000013A
2026-04-07 10:27:52.105 +05 [13964] ПОДСКАЗКА:  Описание этого шестнадцатеричного значения ищите во включаемом C-файле "ntstatus.h"
2026-04-07 10:27:52.106 +05 [13964] СООБЩЕНИЕ:  завершение всех остальных активных серверных процессов
2026-04-07 10:27:52.112 +05 [13964] СООБЩЕНИЕ:  все серверные процессы завершены... переинициализация
2026-04-07 10:27:52.211 +05 [6948] СООБЩЕНИЕ:  работа системы БД была прервана; последний момент работы: 2026-04-07 10:27:49 +05
2026-04-07 10:27:52.602 +05 [6948] СООБЩЕНИЕ:  система БД была остановлена нештатно; производится автоматическое восстановление
2026-04-07 10:27:52.605 +05 [6948] СООБЩЕНИЕ:  неверная длина записи в позиции 0/28AABD8: ожидалось минимум 24, получено 0
2026-04-07 10:27:52.605 +05 [6948] СООБЩЕНИЕ:  данные REDO не требуются
2026-04-07 10:27:52.613 +05 [14008] СООБЩЕНИЕ:  начата контрольная точка: end-of-recovery immediate wait
2026-04-07 10:27:52.619 +05 [14008] СООБЩЕНИЕ:  контрольная точка завершена: записано буферов: 0 (0.0%), записано SLRU-буферов: 3; добавлено файлов WAL 0, удалено: 0, переработано: 0; запись=0.001 сек., синхр.=0.001 сек., всего=0.011 сек.; синхронизировано_файлов=2, самая_долгая_синхр.=0.001 сек., средняя=0.001 сек.; расстояние=0 КБ, ожидалось=0 КБ; lsn=0/28AABD8, lsn redo=0/28AABD8
2026-04-07 10:27:52.624 +05 [13964] СООБЩЕНИЕ:  система БД готова принимать подключения
